  0%|          | 0/1347 [00:00<?, ?it/s]Token indices sequence length is longer than the specified maximum sequence length for this model (4809 > 4096). Running this sequence through the model will result in indexing errors
Token indices sequence length is longer than the specified maximum sequence length for this model (7992 > 4096). Running this sequence through the model will result in indexing errors
Token indices sequence length is longer than the specified maximum sequence length for this model (10822 > 4096). Running this sequence through the model will result in indexing errors
Token indices sequence length is longer than the specified maximum sequence length for this model (16546 > 4096). Running this sequence through the model will result in indexing errors
/opt/conda/conda-bld/pytorch_1607370172916/work/aten/src/ATen/native/cuda/Indexing.cu:658: indexSelectLargeIndex: block: [148,0,0], thread: [64,0,0] Assertion `srcIndex < srcSelectDimSize` failed.
/opt/conda/conda-bld/pytorch_1607370172916/work/aten/src/ATen/native/cuda/Indexing.cu:658: indexSelectLargeIndex: block: [148,0,0], thread: [65,0,0] Assertion `srcIndex < srcSelectDimSize` failed.
/opt/conda/conda-bld/pytorch_1607370172916/work/aten/src/ATen/native/cuda/Indexing.cu:658: indexSelectLargeIndex: block: [148,0,0], thread: [66,0,0] Assertion `srcIndex < srcSelectDimSize` failed.
/opt/conda/conda-bld/pytorch_1607370172916/work/aten/src/ATen/native/cuda/Indexing.cu:658: indexSelectLargeIndex: block: [148,0,0], thread: [67,0,0] Assertion `srcIndex < srcSelectDimSize` failed.
/opt/conda/conda-bld/pytorch_1607370172916/work/aten/src/ATen/native/cuda/Indexing.cu:658: indexSelectLargeIndex: block: [148,0,0], thread: [68,0,0] Assertion `srcIndex < srcSelectDimSize` failed.
/opt/conda/conda-bld/pytorch_1607370172916/work/aten/src/ATen/native/cuda/Indexing.cu:658: indexSelectLargeIndex: block: [148,0,0], thread: [69,0,0] Assertion `srcIndex < srcSelectDimSize` failed.
/opt/conda/conda-bld/pytorch_1607370172916/work/aten/src/ATen/native/cuda/Indexing.cu:658: indexSelectLargeIndex: block: [148,0,0], thread: [70,0,0] Assertion `srcIndex < srcSelectDimSize` failed.
/opt/conda/conda-bld/pytorch_1607370172916/work/aten/src/ATen/native/cuda/Indexing.cu:658: indexSelectLargeIndex: block: [148,0,0], thread: [71,0,0] Assertion `srcIndex < srcSelectDimSize` failed.
/opt/conda/conda-bld/pytorch_1607370172916/work/aten/src/ATen/native/cuda/Indexing.cu:658: indexSelectLargeIndex: block: [148,0,0], thread: [72,0,0] Assertion `srcIndex < srcSelectDimSize` failed.
/opt/conda/conda-bld/pytorch_1607370172916/work/aten/src/ATen/native/cuda/Indexing.cu:658: indexSelectLargeIndex: block: [148,0,0], thread: [73,0,0] Assertion `srcIndex < srcSelectDimSize` failed.
/opt/conda/conda-bld/pytorch_1607370172916/work/aten/src/ATen/native/cuda/Indexing.cu:658: indexSelectLargeIndex: block: [148,0,0], thread: [74,0,0] Assertion `srcIndex < srcSelectDimSize` failed.
/opt/conda/conda-bld/pytorch_1607370172916/work/aten/src/ATen/native/cuda/Indexing.cu:658: indexSelectLargeIndex: block: [148,0,0], thread: [75,0,0] Assertion `srcIndex < srcSelectDimSize` failed.
/opt/conda/conda-bld/pytorch_1607370172916/work/aten/src/ATen/native/cuda/Indexing.cu:658: indexSelectLargeIndex: block: [148,0,0], thread: [76,0,0] Assertion `srcIndex < srcSelectDimSize` failed.
/opt/conda/conda-bld/pytorch_1607370172916/work/aten/src/ATen/native/cuda/Indexing.cu:658: indexSelectLargeIndex: block: [148,0,0], thread: [77,0,0] Assertion `srcIndex < srcSelectDimSize` failed.
/opt/conda/conda-bld/pytorch_1607370172916/work/aten/src/ATen/native/cuda/Indexing.cu:658: indexSelectLargeIndex: block: [148,0,0], thread: [78,0,0] Assertion `srcIndex < srcSelectDimSize` failed.
/opt/conda/conda-bld/pytorch_1607370172916/work/aten/src/ATen/native/cuda/Indexing.cu:658: indexSelectLargeIndex: block: [148,0,0], thread: [79,0,0] Assertion `srcIndex < srcSelectDimSize` failed.
/opt/conda/conda-bld/pytorch_1607370172916/work/aten/src/ATen/native/cuda/Indexing.cu:658: indexSelectLargeIndex: block: [148,0,0], thread: [80,0,0] Assertion `srcIndex < srcSelectDimSize` failed.
/opt/conda/conda-bld/pytorch_1607370172916/work/aten/src/ATen/native/cuda/Indexing.cu:658: indexSelectLargeIndex: block: [148,0,0], thread: [81,0,0] Assertion `srcIndex < srcSelectDimSize` failed.
/opt/conda/conda-bld/pytorch_1607370172916/work/aten/src/ATen/native/cuda/Indexing.cu:658: indexSelectLargeIndex: block: [148,0,0], thread: [82,0,0] Assertion `srcIndex < srcSelectDimSize` failed.
/opt/conda/conda-bld/pytorch_1607370172916/work/aten/src/ATen/native/cuda/Indexing.cu:658: indexSelectLargeIndex: block: [148,0,0], thread: [83,0,0] Assertion `srcIndex < srcSelectDimSize` failed.
/opt/conda/conda-bld/pytorch_1607370172916/work/aten/src/ATen/native/cuda/Indexing.cu:658: indexSelectLargeIndex: block: [148,0,0], thread: [84,0,0] Assertion `srcIndex < srcSelectDimSize` failed.
/opt/conda/conda-bld/pytorch_1607370172916/work/aten/src/ATen/native/cuda/Indexing.cu:658: indexSelectLargeIndex: block: [148,0,0], thread: [85,0,0] Assertion `srcIndex < srcSelectDimSize` failed.
/opt/conda/conda-bld/pytorch_1607370172916/work/aten/src/ATen/native/cuda/Indexing.cu:658: indexSelectLargeIndex: block: [148,0,0], thread: [86,0,0] Assertion `srcIndex < srcSelectDimSize` failed.
/opt/conda/conda-bld/pytorch_1607370172916/work/aten/src/ATen/native/cuda/Indexing.cu:658: indexSelectLargeIndex: block: [148,0,0], thread: [87,0,0] Assertion `srcIndex < srcSelectDimSize` failed.
/opt/conda/conda-bld/pytorch_1607370172916/work/aten/src/ATen/native/cuda/Indexing.cu:658: indexSelectLargeIndex: block: [148,0,0], thread: [88,0,0] Assertion `srcIndex < srcSelectDimSize` failed.
/opt/conda/conda-bld/pytorch_1607370172916/work/aten/src/ATen/native/cuda/Indexing.cu:658: indexSelectLargeIndex: block: [148,0,0], thread: [89,0,0] Assertion `srcIndex < srcSelectDimSize` failed.
/opt/conda/conda-bld/pytorch_1607370172916/work/aten/src/ATen/native/cuda/Indexing.cu:658: indexSelectLargeIndex: block: [148,0,0], thread: [90,0,0] Assertion `srcIndex < srcSelectDimSize` failed.
/opt/conda/conda-bld/pytorch_1607370172916/work/aten/src/ATen/native/cuda/Indexing.cu:658: indexSelectLargeIndex: block: [148,0,0], thread: [91,0,0] Assertion `srcIndex < srcSelectDimSize` failed.
/opt/conda/conda-bld/pytorch_1607370172916/work/aten/src/ATen/native/cuda/Indexing.cu:658: indexSelectLargeIndex: block: [148,0,0], thread: [92,0,0] Assertion `srcIndex < srcSelectDimSize` failed.
/opt/conda/conda-bld/pytorch_1607370172916/work/aten/src/ATen/native/cuda/Indexing.cu:658: indexSelectLargeIndex: block: [148,0,0], thread: [93,0,0] Assertion `srcIndex < srcSelectDimSize` failed.
/opt/conda/conda-bld/pytorch_1607370172916/work/aten/src/ATen/native/cuda/Indexing.cu:658: indexSelectLargeIndex: block: [148,0,0], thread: [94,0,0] Assertion `srcIndex < srcSelectDimSize` failed.
/opt/conda/conda-bld/pytorch_1607370172916/work/aten/src/ATen/native/cuda/Indexing.cu:658: indexSelectLargeIndex: block: [148,0,0], thread: [95,0,0] Assertion `srcIndex < srcSelectDimSize` failed.
/opt/conda/conda-bld/pytorch_1607370172916/work/aten/src/ATen/native/cuda/Indexing.cu:658: indexSelectLargeIndex: block: [139,0,0], thread: [0,0,0] Assertion `srcIndex < srcSelectDimSize` failed.
/opt/conda/conda-bld/pytorch_1607370172916/work/aten/src/ATen/native/cuda/Indexing.cu:658: indexSelectLargeIndex: block: [139,0,0], thread: [1,0,0] Assertion `srcIndex < srcSelectDimSize` failed.
/opt/conda/conda-bld/pytorch_1607370172916/work/aten/src/ATen/native/cuda/Indexing.cu:658: indexSelectLargeIndex: block: [139,0,0], thread: [2,0,0] Assertion `srcIndex < srcSelectDimSize` failed.
/opt/conda/conda-bld/pytorch_1607370172916/work/aten/src/ATen/native/cuda/Indexing.cu:658: indexSelectLargeIndex: block: [139,0,0], thread: [3,0,0] Assertion `srcIndex < srcSelectDimSize` failed.
/opt/conda/conda-bld/pytorch_1607370172916/work/aten/src/ATen/native/cuda/Indexing.cu:658: indexSelectLargeIndex: block: [139,0,0], thread: [4,0,0] Assertion `srcIndex < srcSelectDimSize` failed.
/opt/conda/conda-bld/pytorch_1607370172916/work/aten/src/ATen/native/cuda/Indexing.cu:658: indexSelectLargeIndex: block: [139,0,0], thread: [5,0,0] Assertion `srcIndex < srcSelectDimSize` failed.
/opt/conda/conda-bld/pytorch_1607370172916/work/aten/src/ATen/native/cuda/Indexing.cu:658: indexSelectLargeIndex: block: [139,0,0], thread: [6,0,0] Assertion `srcIndex < srcSelectDimSize` failed.
/opt/conda/conda-bld/pytorch_1607370172916/work/aten/src/ATen/native/cuda/Indexing.cu:658: indexSelectLargeIndex: block: [139,0,0], thread: [7,0,0] Assertion `srcIndex < srcSelectDimSize` failed.
/opt/conda/conda-bld/pytorch_1607370172916/work/aten/src/ATen/native/cuda/Indexing.cu:658: indexSelectLargeIndex: block: [139,0,0], thread: [8,0,0] Assertion `srcIndex < srcSelectDimSize` failed.
/opt/conda/conda-bld/pytorch_1607370172916/work/aten/src/ATen/native/cuda/Indexing.cu:658: indexSelectLargeIndex: block: [139,0,0], thread: [9,0,0] Assertion `srcIndex < srcSelectDimSize` failed.
/opt/conda/conda-bld/pytorch_1607370172916/work/aten/src/ATen/native/cuda/Indexing.cu:658: indexSelectLargeIndex: block: [139,0,0], thread: [10,0,0] Assertion `srcIndex < srcSelectDimSize` failed.
/opt/conda/conda-bld/pytorch_1607370172916/work/aten/src/ATen/native/cuda/Indexing.cu:658: indexSelectLargeIndex: block: [139,0,0], thread: [11,0,0] Assertion `srcIndex < srcSelectDimSize` failed.
/opt/conda/conda-bld/pytorch_1607370172916/work/aten/src/ATen/native/cuda/Indexing.cu:658: indexSelectLargeIndex: block: [139,0,0], thread: [12,0,0] Assertion `srcIndex < srcSelectDimSize` failed.
/opt/conda/conda-bld/pytorch_1607370172916/work/aten/src/ATen/native/cuda/Indexing.cu:658: indexSelectLargeIndex: block: [139,0,0], thread: [13,0,0] Assertion `srcIndex < srcSelectDimSize` failed.
/opt/conda/conda-bld/pytorch_1607370172916/work/aten/src/ATen/native/cuda/Indexing.cu:658: indexSelectLargeIndex: block: [139,0,0], thread: [14,0,0] Assertion `srcIndex < srcSelectDimSize` failed.
/opt/conda/conda-bld/pytorch_1607370172916/work/aten/src/ATen/native/cuda/Indexing.cu:658: indexSelectLargeIndex: block: [139,0,0], thread: [15,0,0] Assertion `srcIndex < srcSelectDimSize` failed.
/opt/conda/conda-bld/pytorch_1607370172916/work/aten/src/ATen/native/cuda/Indexing.cu:658: indexSelectLargeIndex: block: [139,0,0], thread: [16,0,0] Assertion `srcIndex < srcSelectDimSize` failed.
/opt/conda/conda-bld/pytorch_1607370172916/work/aten/src/ATen/native/cuda/Indexing.cu:658: indexSelectLargeIndex: block: [139,0,0], thread: [17,0,0] Assertion `srcIndex < srcSelectDimSize` failed.
/opt/conda/conda-bld/pytorch_1607370172916/work/aten/src/ATen/native/cuda/Indexing.cu:658: indexSelectLargeIndex: block: [139,0,0], thread: [18,0,0] Assertion `srcIndex < srcSelectDimSize` failed.
/opt/conda/conda-bld/pytorch_1607370172916/work/aten/src/ATen/native/cuda/Indexing.cu:658: indexSelectLargeIndex: block: [139,0,0], thread: [19,0,0] Assertion `srcIndex < srcSelectDimSize` failed.
/opt/conda/conda-bld/pytorch_1607370172916/work/aten/src/ATen/native/cuda/Indexing.cu:658: indexSelectLargeIndex: block: [139,0,0], thread: [20,0,0] Assertion `srcIndex < srcSelectDimSize` failed.
/opt/conda/conda-bld/pytorch_1607370172916/work/aten/src/ATen/native/cuda/Indexing.cu:658: indexSelectLargeIndex: block: [139,0,0], thread: [21,0,0] Assertion `srcIndex < srcSelectDimSize` failed.
/opt/conda/conda-bld/pytorch_1607370172916/work/aten/src/ATen/native/cuda/Indexing.cu:658: indexSelectLargeIndex: block: [139,0,0], thread: [22,0,0] Assertion `srcIndex < srcSelectDimSize` failed.
/opt/conda/conda-bld/pytorch_1607370172916/work/aten/src/ATen/native/cuda/Indexing.cu:658: indexSelectLargeIndex: block: [139,0,0], thread: [23,0,0] Assertion `srcIndex < srcSelectDimSize` failed.
/opt/conda/conda-bld/pytorch_1607370172916/work/aten/src/ATen/native/cuda/Indexing.cu:658: indexSelectLargeIndex: block: [139,0,0], thread: [24,0,0] Assertion `srcIndex < srcSelectDimSize` failed.
/opt/conda/conda-bld/pytorch_1607370172916/work/aten/src/ATen/native/cuda/Indexing.cu:658: indexSelectLargeIndex: block: [139,0,0], thread: [25,0,0] Assertion `srcIndex < srcSelectDimSize` failed.
/opt/conda/conda-bld/pytorch_1607370172916/work/aten/src/ATen/native/cuda/Indexing.cu:658: indexSelectLargeIndex: block: [139,0,0], thread: [26,0,0] Assertion `srcIndex < srcSelectDimSize` failed.
/opt/conda/conda-bld/pytorch_1607370172916/work/aten/src/ATen/native/cuda/Indexing.cu:658: indexSelectLargeIndex: block: [139,0,0], thread: [27,0,0] Assertion `srcIndex < srcSelectDimSize` failed.
/opt/conda/conda-bld/pytorch_1607370172916/work/aten/src/ATen/native/cuda/Indexing.cu:658: indexSelectLargeIndex: block: [139,0,0], thread: [28,0,0] Assertion `srcIndex < srcSelectDimSize` failed.
/opt/conda/conda-bld/pytorch_1607370172916/work/aten/src/ATen/native/cuda/Indexing.cu:658: indexSelectLargeIndex: block: [139,0,0], thread: [29,0,0] Assertion `srcIndex < srcSelectDimSize` failed.
/opt/conda/conda-bld/pytorch_1607370172916/work/aten/src/ATen/native/cuda/Indexing.cu:658: indexSelectLargeIndex: block: [139,0,0], thread: [30,0,0] Assertion `srcIndex < srcSelectDimSize` failed.
/opt/conda/conda-bld/pytorch_1607370172916/work/aten/src/ATen/native/cuda/Indexing.cu:658: indexSelectLargeIndex: block: [139,0,0], thread: [31,0,0] Assertion `srcIndex < srcSelectDimSize` failed.
/opt/conda/conda-bld/pytorch_1607370172916/work/aten/src/ATen/native/cuda/Indexing.cu:658: indexSelectLargeIndex: block: [56,0,0], thread: [64,0,0] Assertion `srcIndex < srcSelectDimSize` failed.
/opt/conda/conda-bld/pytorch_1607370172916/work/aten/src/ATen/native/cuda/Indexing.cu:658: indexSelectLargeIndex: block: [56,0,0], thread: [65,0,0] Assertion `srcIndex < srcSelectDimSize` failed.
/opt/conda/conda-bld/pytorch_1607370172916/work/aten/src/ATen/native/cuda/Indexing.cu:658: indexSelectLargeIndex: block: [56,0,0], thread: [66,0,0] Assertion `srcIndex < srcSelectDimSize` failed.
/opt/conda/conda-bld/pytorch_1607370172916/work/aten/src/ATen/native/cuda/Indexing.cu:658: indexSelectLargeIndex: block: [56,0,0], thread: [67,0,0] Assertion `srcIndex < srcSelectDimSize` failed.
/opt/conda/conda-bld/pytorch_1607370172916/work/aten/src/ATen/native/cuda/Indexing.cu:658: indexSelectLargeIndex: block: [56,0,0], thread: [68,0,0] Assertion `srcIndex < srcSelectDimSize` failed.
/opt/conda/conda-bld/pytorch_1607370172916/work/aten/src/ATen/native/cuda/Indexing.cu:658: indexSelectLargeIndex: block: [56,0,0], thread: [69,0,0] Assertion `srcIndex < srcSelectDimSize` failed.
/opt/conda/conda-bld/pytorch_1607370172916/work/aten/src/ATen/native/cuda/Indexing.cu:658: indexSelectLargeIndex: block: [56,0,0], thread: [70,0,0] Assertion `srcIndex < srcSelectDimSize` failed.
/opt/conda/conda-bld/pytorch_1607370172916/work/aten/src/ATen/native/cuda/Indexing.cu:658: indexSelectLargeIndex: block: [56,0,0], thread: [71,0,0] Assertion `srcIndex < srcSelectDimSize` failed.
/opt/conda/conda-bld/pytorch_1607370172916/work/aten/src/ATen/native/cuda/Indexing.cu:658: indexSelectLargeIndex: block: [56,0,0], thread: [72,0,0] Assertion `srcIndex < srcSelectDimSize` failed.
/opt/conda/conda-bld/pytorch_1607370172916/work/aten/src/ATen/native/cuda/Indexing.cu:658: indexSelectLargeIndex: block: [56,0,0], thread: [73,0,0] Assertion `srcIndex < srcSelectDimSize` failed.
/opt/conda/conda-bld/pytorch_1607370172916/work/aten/src/ATen/native/cuda/Indexing.cu:658: indexSelectLargeIndex: block: [56,0,0], thread: [74,0,0] Assertion `srcIndex < srcSelectDimSize` failed.
/opt/conda/conda-bld/pytorch_1607370172916/work/aten/src/ATen/native/cuda/Indexing.cu:658: indexSelectLargeIndex: block: [56,0,0], thread: [75,0,0] Assertion `srcIndex < srcSelectDimSize` failed.
/opt/conda/conda-bld/pytorch_1607370172916/work/aten/src/ATen/native/cuda/Indexing.cu:658: indexSelectLargeIndex: block: [56,0,0], thread: [76,0,0] Assertion `srcIndex < srcSelectDimSize` failed.
/opt/conda/conda-bld/pytorch_1607370172916/work/aten/src/ATen/native/cuda/Indexing.cu:658: indexSelectLargeIndex: block: [56,0,0], thread: [77,0,0] Assertion `srcIndex < srcSelectDimSize` failed.
/opt/conda/conda-bld/pytorch_1607370172916/work/aten/src/ATen/native/cuda/Indexing.cu:658: indexSelectLargeIndex: block: [56,0,0], thread: [78,0,0] Assertion `srcIndex < srcSelectDimSize` failed.
/opt/conda/conda-bld/pytorch_1607370172916/work/aten/src/ATen/native/cuda/Indexing.cu:658: indexSelectLargeIndex: block: [56,0,0], thread: [79,0,0] Assertion `srcIndex < srcSelectDimSize` failed.
/opt/conda/conda-bld/pytorch_1607370172916/work/aten/src/ATen/native/cuda/Indexing.cu:658: indexSelectLargeIndex: block: [56,0,0], thread: [80,0,0] Assertion `srcIndex < srcSelectDimSize` failed.
/opt/conda/conda-bld/pytorch_1607370172916/work/aten/src/ATen/native/cuda/Indexing.cu:658: indexSelectLargeIndex: block: [56,0,0], thread: [81,0,0] Assertion `srcIndex < srcSelectDimSize` failed.
/opt/conda/conda-bld/pytorch_1607370172916/work/aten/src/ATen/native/cuda/Indexing.cu:658: indexSelectLargeIndex: block: [56,0,0], thread: [82,0,0] Assertion `srcIndex < srcSelectDimSize` failed.
/opt/conda/conda-bld/pytorch_1607370172916/work/aten/src/ATen/native/cuda/Indexing.cu:658: indexSelectLargeIndex: block: [56,0,0], thread: [83,0,0] Assertion `srcIndex < srcSelectDimSize` failed.
/opt/conda/conda-bld/pytorch_1607370172916/work/aten/src/ATen/native/cuda/Indexing.cu:658: indexSelectLargeIndex: block: [56,0,0], thread: [84,0,0] Assertion `srcIndex < srcSelectDimSize` failed.
/opt/conda/conda-bld/pytorch_1607370172916/work/aten/src/ATen/native/cuda/Indexing.cu:658: indexSelectLargeIndex: block: [56,0,0], thread: [85,0,0] Assertion `srcIndex < srcSelectDimSize` failed.
/opt/conda/conda-bld/pytorch_1607370172916/work/aten/src/ATen/native/cuda/Indexing.cu:658: indexSelectLargeIndex: block: [56,0,0], thread: [86,0,0] Assertion `srcIndex < srcSelectDimSize` failed.
/opt/conda/conda-bld/pytorch_1607370172916/work/aten/src/ATen/native/cuda/Indexing.cu:658: indexSelectLargeIndex: block: [56,0,0], thread: [87,0,0] Assertion `srcIndex < srcSelectDimSize` failed.
/opt/conda/conda-bld/pytorch_1607370172916/work/aten/src/ATen/native/cuda/Indexing.cu:658: indexSelectLargeIndex: block: [56,0,0], thread: [88,0,0] Assertion `srcIndex < srcSelectDimSize` failed.
/opt/conda/conda-bld/pytorch_1607370172916/work/aten/src/ATen/native/cuda/Indexing.cu:658: indexSelectLargeIndex: block: [56,0,0], thread: [89,0,0] Assertion `srcIndex < srcSelectDimSize` failed.
/opt/conda/conda-bld/pytorch_1607370172916/work/aten/src/ATen/native/cuda/Indexing.cu:658: indexSelectLargeIndex: block: [56,0,0], thread: [90,0,0] Assertion `srcIndex < srcSelectDimSize` failed.
/opt/conda/conda-bld/pytorch_1607370172916/work/aten/src/ATen/native/cuda/Indexing.cu:658: indexSelectLargeIndex: block: [56,0,0], thread: [91,0,0] Assertion `srcIndex < srcSelectDimSize` failed.
/opt/conda/conda-bld/pytorch_1607370172916/work/aten/src/ATen/native/cuda/Indexing.cu:658: indexSelectLargeIndex: block: [56,0,0], thread: [92,0,0] Assertion `srcIndex < srcSelectDimSize` failed.
/opt/conda/conda-bld/pytorch_1607370172916/work/aten/src/ATen/native/cuda/Indexing.cu:658: indexSelectLargeIndex: block: [56,0,0], thread: [93,0,0] Assertion `srcIndex < srcSelectDimSize` failed.
/opt/conda/conda-bld/pytorch_1607370172916/work/aten/src/ATen/native/cuda/Indexing.cu:658: indexSelectLargeIndex: block: [56,0,0], thread: [94,0,0] Assertion `srcIndex < srcSelectDimSize` failed.
/opt/conda/conda-bld/pytorch_1607370172916/work/aten/src/ATen/native/cuda/Indexing.cu:658: indexSelectLargeIndex: block: [56,0,0], thread: [95,0,0] Assertion `srcIndex < srcSelectDimSize` failed.
/opt/conda/conda-bld/pytorch_1607370172916/work/aten/src/ATen/native/cuda/Indexing.cu:658: indexSelectLargeIndex: block: [57,0,0], thread: [32,0,0] Assertion `srcIndex < srcSelectDimSize` failed.
/opt/conda/conda-bld/pytorch_1607370172916/work/aten/src/ATen/native/cuda/Indexing.cu:658: indexSelectLargeIndex: block: [57,0,0], thread: [33,0,0] Assertion `srcIndex < srcSelectDimSize` failed.
/opt/conda/conda-bld/pytorch_1607370172916/work/aten/src/ATen/native/cuda/Indexing.cu:658: indexSelectLargeIndex: block: [57,0,0], thread: [34,0,0] Assertion `srcIndex < srcSelectDimSize` failed.
/opt/conda/conda-bld/pytorch_1607370172916/work/aten/src/ATen/native/cuda/Indexing.cu:658: indexSelectLargeIndex: block: [57,0,0], thread: [35,0,0] Assertion `srcIndex < srcSelectDimSize` failed.
/opt/conda/conda-bld/pytorch_1607370172916/work/aten/src/ATen/native/cuda/Indexing.cu:658: indexSelectLargeIndex: block: [57,0,0], thread: [36,0,0] Assertion `srcIndex < srcSelectDimSize` failed.
/opt/conda/conda-bld/pytorch_1607370172916/work/aten/src/ATen/native/cuda/Indexing.cu:658: indexSelectLargeIndex: block: [57,0,0], thread: [37,0,0] Assertion `srcIndex < srcSelectDimSize` failed.
/opt/conda/conda-bld/pytorch_1607370172916/work/aten/src/ATen/native/cuda/Indexing.cu:658: indexSelectLargeIndex: block: [57,0,0], thread: [38,0,0] Assertion `srcIndex < srcSelectDimSize` failed.
/opt/conda/conda-bld/pytorch_1607370172916/work/aten/src/ATen/native/cuda/Indexing.cu:658: indexSelectLargeIndex: block: [57,0,0], thread: [39,0,0] Assertion `srcIndex < srcSelectDimSize` failed.
/opt/conda/conda-bld/pytorch_1607370172916/work/aten/src/ATen/native/cuda/Indexing.cu:658: indexSelectLargeIndex: block: [57,0,0], thread: [40,0,0] Assertion `srcIndex < srcSelectDimSize` failed.
/opt/conda/conda-bld/pytorch_1607370172916/work/aten/src/ATen/native/cuda/Indexing.cu:658: indexSelectLargeIndex: block: [57,0,0], thread: [41,0,0] Assertion `srcIndex < srcSelectDimSize` failed.
/opt/conda/conda-bld/pytorch_1607370172916/work/aten/src/ATen/native/cuda/Indexing.cu:658: indexSelectLargeIndex: block: [57,0,0], thread: [42,0,0] Assertion `srcIndex < srcSelectDimSize` failed.
/opt/conda/conda-bld/pytorch_1607370172916/work/aten/src/ATen/native/cuda/Indexing.cu:658: indexSelectLargeIndex: block: [57,0,0], thread: [43,0,0] Assertion `srcIndex < srcSelectDimSize` failed.
/opt/conda/conda-bld/pytorch_1607370172916/work/aten/src/ATen/native/cuda/Indexing.cu:658: indexSelectLargeIndex: block: [57,0,0], thread: [44,0,0] Assertion `srcIndex < srcSelectDimSize` failed.
/opt/conda/conda-bld/pytorch_1607370172916/work/aten/src/ATen/native/cuda/Indexing.cu:658: indexSelectLargeIndex: block: [57,0,0], thread: [45,0,0] Assertion `srcIndex < srcSelectDimSize` failed.
/opt/conda/conda-bld/pytorch_1607370172916/work/aten/src/ATen/native/cuda/Indexing.cu:658: indexSelectLargeIndex: block: [57,0,0], thread: [46,0,0] Assertion `srcIndex < srcSelectDimSize` failed.
/opt/conda/conda-bld/pytorch_1607370172916/work/aten/src/ATen/native/cuda/Indexing.cu:658: indexSelectLargeIndex: block: [57,0,0], thread: [47,0,0] Assertion `srcIndex < srcSelectDimSize` failed.
/opt/conda/conda-bld/pytorch_1607370172916/work/aten/src/ATen/native/cuda/Indexing.cu:658: indexSelectLargeIndex: block: [57,0,0], thread: [48,0,0] Assertion `srcIndex < srcSelectDimSize` failed.
/opt/conda/conda-bld/pytorch_1607370172916/work/aten/src/ATen/native/cuda/Indexing.cu:658: indexSelectLargeIndex: block: [57,0,0], thread: [49,0,0] Assertion `srcIndex < srcSelectDimSize` failed.
/opt/conda/conda-bld/pytorch_1607370172916/work/aten/src/ATen/native/cuda/Indexing.cu:658: indexSelectLargeIndex: block: [57,0,0], thread: [50,0,0] Assertion `srcIndex < srcSelectDimSize` failed.
/opt/conda/conda-bld/pytorch_1607370172916/work/aten/src/ATen/native/cuda/Indexing.cu:658: indexSelectLargeIndex: block: [57,0,0], thread: [51,0,0] Assertion `srcIndex < srcSelectDimSize` failed.
/opt/conda/conda-bld/pytorch_1607370172916/work/aten/src/ATen/native/cuda/Indexing.cu:658: indexSelectLargeIndex: block: [57,0,0], thread: [52,0,0] Assertion `srcIndex < srcSelectDimSize` failed.
/opt/conda/conda-bld/pytorch_1607370172916/work/aten/src/ATen/native/cuda/Indexing.cu:658: indexSelectLargeIndex: block: [57,0,0], thread: [53,0,0] Assertion `srcIndex < srcSelectDimSize` failed.
/opt/conda/conda-bld/pytorch_1607370172916/work/aten/src/ATen/native/cuda/Indexing.cu:658: indexSelectLargeIndex: block: [57,0,0], thread: [54,0,0] Assertion `srcIndex < srcSelectDimSize` failed.
/opt/conda/conda-bld/pytorch_1607370172916/work/aten/src/ATen/native/cuda/Indexing.cu:658: indexSelectLargeIndex: block: [57,0,0], thread: [55,0,0] Assertion `srcIndex < srcSelectDimSize` failed.
/opt/conda/conda-bld/pytorch_1607370172916/work/aten/src/ATen/native/cuda/Indexing.cu:658: indexSelectLargeIndex: block: [57,0,0], thread: [56,0,0] Assertion `srcIndex < srcSelectDimSize` failed.
/opt/conda/conda-bld/pytorch_1607370172916/work/aten/src/ATen/native/cuda/Indexing.cu:658: indexSelectLargeIndex: block: [57,0,0], thread: [57,0,0] Assertion `srcIndex < srcSelectDimSize` failed.
/opt/conda/conda-bld/pytorch_1607370172916/work/aten/src/ATen/native/cuda/Indexing.cu:658: indexSelectLargeIndex: block: [57,0,0], thread: [58,0,0] Assertion `srcIndex < srcSelectDimSize` failed.
/opt/conda/conda-bld/pytorch_1607370172916/work/aten/src/ATen/native/cuda/Indexing.cu:658: indexSelectLargeIndex: block: [57,0,0], thread: [59,0,0] Assertion `srcIndex < srcSelectDimSize` failed.
/opt/conda/conda-bld/pytorch_1607370172916/work/aten/src/ATen/native/cuda/Indexing.cu:658: indexSelectLargeIndex: block: [57,0,0], thread: [60,0,0] Assertion `srcIndex < srcSelectDimSize` failed.
/opt/conda/conda-bld/pytorch_1607370172916/work/aten/src/ATen/native/cuda/Indexing.cu:658: indexSelectLargeIndex: block: [57,0,0], thread: [61,0,0] Assertion `srcIndex < srcSelectDimSize` failed.
/opt/conda/conda-bld/pytorch_1607370172916/work/aten/src/ATen/native/cuda/Indexing.cu:658: indexSelectLargeIndex: block: [57,0,0], thread: [62,0,0] Assertion `srcIndex < srcSelectDimSize` failed.
/opt/conda/conda-bld/pytorch_1607370172916/work/aten/src/ATen/native/cuda/Indexing.cu:658: indexSelectLargeIndex: block: [57,0,0], thread: [63,0,0] Assertion `srcIndex < srcSelectDimSize` failed.
/opt/conda/conda-bld/pytorch_1607370172916/work/aten/src/ATen/native/cuda/Indexing.cu:658: indexSelectLargeIndex: block: [94,0,0], thread: [64,0,0] Assertion `srcIndex < srcSelectDimSize` failed.
/opt/conda/conda-bld/pytorch_1607370172916/work/aten/src/ATen/native/cuda/Indexing.cu:658: indexSelectLargeIndex: block: [94,0,0], thread: [65,0,0] Assertion `srcIndex < srcSelectDimSize` failed.
/opt/conda/conda-bld/pytorch_1607370172916/work/aten/src/ATen/native/cuda/Indexing.cu:658: indexSelectLargeIndex: block: [94,0,0], thread: [66,0,0] Assertion `srcIndex < srcSelectDimSize` failed.
/opt/conda/conda-bld/pytorch_1607370172916/work/aten/src/ATen/native/cuda/Indexing.cu:658: indexSelectLargeIndex: block: [94,0,0], thread: [67,0,0] Assertion `srcIndex < srcSelectDimSize` failed.
/opt/conda/conda-bld/pytorch_1607370172916/work/aten/src/ATen/native/cuda/Indexing.cu:658: indexSelectLargeIndex: block: [94,0,0], thread: [68,0,0] Assertion `srcIndex < srcSelectDimSize` failed.
/opt/conda/conda-bld/pytorch_1607370172916/work/aten/src/ATen/native/cuda/Indexing.cu:658: indexSelectLargeIndex: block: [94,0,0], thread: [69,0,0] Assertion `srcIndex < srcSelectDimSize` failed.
/opt/conda/conda-bld/pytorch_1607370172916/work/aten/src/ATen/native/cuda/Indexing.cu:658: indexSelectLargeIndex: block: [94,0,0], thread: [70,0,0] Assertion `srcIndex < srcSelectDimSize` failed.
/opt/conda/conda-bld/pytorch_1607370172916/work/aten/src/ATen/native/cuda/Indexing.cu:658: indexSelectLargeIndex: block: [94,0,0], thread: [71,0,0] Assertion `srcIndex < srcSelectDimSize` failed.
/opt/conda/conda-bld/pytorch_1607370172916/work/aten/src/ATen/native/cuda/Indexing.cu:658: indexSelectLargeIndex: block: [94,0,0], thread: [72,0,0] Assertion `srcIndex < srcSelectDimSize` failed.
/opt/conda/conda-bld/pytorch_1607370172916/work/aten/src/ATen/native/cuda/Indexing.cu:658: indexSelectLargeIndex: block: [94,0,0], thread: [73,0,0] Assertion `srcIndex < srcSelectDimSize` failed.
/opt/conda/conda-bld/pytorch_1607370172916/work/aten/src/ATen/native/cuda/Indexing.cu:658: indexSelectLargeIndex: block: [94,0,0], thread: [74,0,0] Assertion `srcIndex < srcSelectDimSize` failed.
/opt/conda/conda-bld/pytorch_1607370172916/work/aten/src/ATen/native/cuda/Indexing.cu:658: indexSelectLargeIndex: block: [94,0,0], thread: [75,0,0] Assertion `srcIndex < srcSelectDimSize` failed.
/opt/conda/conda-bld/pytorch_1607370172916/work/aten/src/ATen/native/cuda/Indexing.cu:658: indexSelectLargeIndex: block: [94,0,0], thread: [76,0,0] Assertion `srcIndex < srcSelectDimSize` failed.
/opt/conda/conda-bld/pytorch_1607370172916/work/aten/src/ATen/native/cuda/Indexing.cu:658: indexSelectLargeIndex: block: [94,0,0], thread: [77,0,0] Assertion `srcIndex < srcSelectDimSize` failed.
/opt/conda/conda-bld/pytorch_1607370172916/work/aten/src/ATen/native/cuda/Indexing.cu:658: indexSelectLargeIndex: block: [94,0,0], thread: [78,0,0] Assertion `srcIndex < srcSelectDimSize` failed.
/opt/conda/conda-bld/pytorch_1607370172916/work/aten/src/ATen/native/cuda/Indexing.cu:658: indexSelectLargeIndex: block: [94,0,0], thread: [79,0,0] Assertion `srcIndex < srcSelectDimSize` failed.
/opt/conda/conda-bld/pytorch_1607370172916/work/aten/src/ATen/native/cuda/Indexing.cu:658: indexSelectLargeIndex: block: [94,0,0], thread: [80,0,0] Assertion `srcIndex < srcSelectDimSize` failed.
/opt/conda/conda-bld/pytorch_1607370172916/work/aten/src/ATen/native/cuda/Indexing.cu:658: indexSelectLargeIndex: block: [94,0,0], thread: [81,0,0] Assertion `srcIndex < srcSelectDimSize` failed.
/opt/conda/conda-bld/pytorch_1607370172916/work/aten/src/ATen/native/cuda/Indexing.cu:658: indexSelectLargeIndex: block: [94,0,0], thread: [82,0,0] Assertion `srcIndex < srcSelectDimSize` failed.
/opt/conda/conda-bld/pytorch_1607370172916/work/aten/src/ATen/native/cuda/Indexing.cu:658: indexSelectLargeIndex: block: [94,0,0], thread: [83,0,0] Assertion `srcIndex < srcSelectDimSize` failed.
/opt/conda/conda-bld/pytorch_1607370172916/work/aten/src/ATen/native/cuda/Indexing.cu:658: indexSelectLargeIndex: block: [94,0,0], thread: [84,0,0] Assertion `srcIndex < srcSelectDimSize` failed.
/opt/conda/conda-bld/pytorch_1607370172916/work/aten/src/ATen/native/cuda/Indexing.cu:658: indexSelectLargeIndex: block: [94,0,0], thread: [85,0,0] Assertion `srcIndex < srcSelectDimSize` failed.
/opt/conda/conda-bld/pytorch_1607370172916/work/aten/src/ATen/native/cuda/Indexing.cu:658: indexSelectLargeIndex: block: [94,0,0], thread: [86,0,0] Assertion `srcIndex < srcSelectDimSize` failed.
/opt/conda/conda-bld/pytorch_1607370172916/work/aten/src/ATen/native/cuda/Indexing.cu:658: indexSelectLargeIndex: block: [94,0,0], thread: [87,0,0] Assertion `srcIndex < srcSelectDimSize` failed.
/opt/conda/conda-bld/pytorch_1607370172916/work/aten/src/ATen/native/cuda/Indexing.cu:658: indexSelectLargeIndex: block: [94,0,0], thread: [88,0,0] Assertion `srcIndex < srcSelectDimSize` failed.
/opt/conda/conda-bld/pytorch_1607370172916/work/aten/src/ATen/native/cuda/Indexing.cu:658: indexSelectLargeIndex: block: [94,0,0], thread: [89,0,0] Assertion `srcIndex < srcSelectDimSize` failed.
/opt/conda/conda-bld/pytorch_1607370172916/work/aten/src/ATen/native/cuda/Indexing.cu:658: indexSelectLargeIndex: block: [94,0,0], thread: [90,0,0] Assertion `srcIndex < srcSelectDimSize` failed.
/opt/conda/conda-bld/pytorch_1607370172916/work/aten/src/ATen/native/cuda/Indexing.cu:658: indexSelectLargeIndex: block: [94,0,0], thread: [91,0,0] Assertion `srcIndex < srcSelectDimSize` failed.
/opt/conda/conda-bld/pytorch_1607370172916/work/aten/src/ATen/native/cuda/Indexing.cu:658: indexSelectLargeIndex: block: [94,0,0], thread: [92,0,0] Assertion `srcIndex < srcSelectDimSize` failed.
/opt/conda/conda-bld/pytorch_1607370172916/work/aten/src/ATen/native/cuda/Indexing.cu:658: indexSelectLargeIndex: block: [94,0,0], thread: [93,0,0] Assertion `srcIndex < srcSelectDimSize` failed.
/opt/conda/conda-bld/pytorch_1607370172916/work/aten/src/ATen/native/cuda/Indexing.cu:658: indexSelectLargeIndex: block: [94,0,0], thread: [94,0,0] Assertion `srcIndex < srcSelectDimSize` failed.
/opt/conda/conda-bld/pytorch_1607370172916/work/aten/src/ATen/native/cuda/Indexing.cu:658: indexSelectLargeIndex: block: [94,0,0], thread: [95,0,0] Assertion `srcIndex < srcSelectDimSize` failed.
THCudaCheck FAIL file=/opt/conda/conda-bld/pytorch_1607370172916/work/aten/src/THC/THCCachingHostAllocator.cpp line=278 error=710 : device-side assert triggered
/opt/conda/conda-bld/pytorch_1607370172916/work/aten/src/ATen/native/cuda/Indexing.cu:658: indexSelectLargeIndex: block: [65,0,0], thread: [0,0,0] Assertion `srcIndex < srcSelectDimSize` failed.
/opt/conda/conda-bld/pytorch_1607370172916/work/aten/src/ATen/native/cuda/Indexing.cu:658: indexSelectLargeIndex: block: [65,0,0], thread: [1,0,0] Assertion `srcIndex < srcSelectDimSize` failed.
/opt/conda/conda-bld/pytorch_1607370172916/work/aten/src/ATen/native/cuda/Indexing.cu:658: indexSelectLargeIndex: block: [65,0,0], thread: [2,0,0] Assertion `srcIndex < srcSelectDimSize` failed.
/opt/conda/conda-bld/pytorch_1607370172916/work/aten/src/ATen/native/cuda/Indexing.cu:658: indexSelectLargeIndex: block: [65,0,0], thread: [3,0,0] Assertion `srcIndex < srcSelectDimSize` failed.
/opt/conda/conda-bld/pytorch_1607370172916/work/aten/src/ATen/native/cuda/Indexing.cu:658: indexSelectLargeIndex: block: [65,0,0], thread: [4,0,0] Assertion `srcIndex < srcSelectDimSize` failed.
/opt/conda/conda-bld/pytorch_1607370172916/work/aten/src/ATen/native/cuda/Indexing.cu:658: indexSelectLargeIndex: block: [65,0,0], thread: [5,0,0] Assertion `srcIndex < srcSelectDimSize` failed.
/opt/conda/conda-bld/pytorch_1607370172916/work/aten/src/ATen/native/cuda/Indexing.cu:658: indexSelectLargeIndex: block: [65,0,0], thread: [6,0,0] Assertion `srcIndex < srcSelectDimSize` failed.
/opt/conda/conda-bld/pytorch_1607370172916/work/aten/src/ATen/native/cuda/Indexing.cu:658: indexSelectLargeIndex: block: [65,0,0], thread: [7,0,0] Assertion `srcIndex < srcSelectDimSize` failed.
/opt/conda/conda-bld/pytorch_1607370172916/work/aten/src/ATen/native/cuda/Indexing.cu:658: indexSelectLargeIndex: block: [65,0,0], thread: [8,0,0] Assertion `srcIndex < srcSelectDimSize` failed.
/opt/conda/conda-bld/pytorch_1607370172916/work/aten/src/ATen/native/cuda/Indexing.cu:658: indexSelectLargeIndex: block: [65,0,0], thread: [9,0,0] Assertion `srcIndex < srcSelectDimSize` failed.
/opt/conda/conda-bld/pytorch_1607370172916/work/aten/src/ATen/native/cuda/Indexing.cu:658: indexSelectLargeIndex: block: [65,0,0], thread: [10,0,0] Assertion `srcIndex < srcSelectDimSize` failed.
/opt/conda/conda-bld/pytorch_1607370172916/work/aten/src/ATen/native/cuda/Indexing.cu:658: indexSelectLargeIndex: block: [65,0,0], thread: [11,0,0] Assertion `srcIndex < srcSelectDimSize` failed.
/opt/conda/conda-bld/pytorch_1607370172916/work/aten/src/ATen/native/cuda/Indexing.cu:658: indexSelectLargeIndex: block: [65,0,0], thread: [12,0,0] Assertion `srcIndex < srcSelectDimSize` failed.
/opt/conda/conda-bld/pytorch_1607370172916/work/aten/src/ATen/native/cuda/Indexing.cu:658: indexSelectLargeIndex: block: [65,0,0], thread: [13,0,0] Assertion `srcIndex < srcSelectDimSize` failed.
/opt/conda/conda-bld/pytorch_1607370172916/work/aten/src/ATen/native/cuda/Indexing.cu:658: indexSelectLargeIndex: block: [65,0,0], thread: [14,0,0] Assertion `srcIndex < srcSelectDimSize` failed.
/opt/conda/conda-bld/pytorch_1607370172916/work/aten/src/ATen/native/cuda/Indexing.cu:658: indexSelectLargeIndex: block: [65,0,0], thread: [15,0,0] Assertion `srcIndex < srcSelectDimSize` failed.
/opt/conda/conda-bld/pytorch_1607370172916/work/aten/src/ATen/native/cuda/Indexing.cu:658: indexSelectLargeIndex: block: [65,0,0], thread: [16,0,0] Assertion `srcIndex < srcSelectDimSize` failed.
/opt/conda/conda-bld/pytorch_1607370172916/work/aten/src/ATen/native/cuda/Indexing.cu:658: indexSelectLargeIndex: block: [65,0,0], thread: [17,0,0] Assertion `srcIndex < srcSelectDimSize` failed.
/opt/conda/conda-bld/pytorch_1607370172916/work/aten/src/ATen/native/cuda/Indexing.cu:658: indexSelectLargeIndex: block: [65,0,0], thread: [18,0,0] Assertion `srcIndex < srcSelectDimSize` failed.
/opt/conda/conda-bld/pytorch_1607370172916/work/aten/src/ATen/native/cuda/Indexing.cu:658: indexSelectLargeIndex: block: [65,0,0], thread: [19,0,0] Assertion `srcIndex < srcSelectDimSize` failed.
/opt/conda/conda-bld/pytorch_1607370172916/work/aten/src/ATen/native/cuda/Indexing.cu:658: indexSelectLargeIndex: block: [65,0,0], thread: [20,0,0] Assertion `srcIndex < srcSelectDimSize` failed.
/opt/conda/conda-bld/pytorch_1607370172916/work/aten/src/ATen/native/cuda/Indexing.cu:658: indexSelectLargeIndex: block: [65,0,0], thread: [21,0,0] Assertion `srcIndex < srcSelectDimSize` failed.
/opt/conda/conda-bld/pytorch_1607370172916/work/aten/src/ATen/native/cuda/Indexing.cu:658: indexSelectLargeIndex: block: [65,0,0], thread: [22,0,0] Assertion `srcIndex < srcSelectDimSize` failed.
/opt/conda/conda-bld/pytorch_1607370172916/work/aten/src/ATen/native/cuda/Indexing.cu:658: indexSelectLargeIndex: block: [65,0,0], thread: [23,0,0] Assertion `srcIndex < srcSelectDimSize` failed.
/opt/conda/conda-bld/pytorch_1607370172916/work/aten/src/ATen/native/cuda/Indexing.cu:658: indexSelectLargeIndex: block: [65,0,0], thread: [24,0,0] Assertion `srcIndex < srcSelectDimSize` failed.
/opt/conda/conda-bld/pytorch_1607370172916/work/aten/src/ATen/native/cuda/Indexing.cu:658: indexSelectLargeIndex: block: [65,0,0], thread: [25,0,0] Assertion `srcIndex < srcSelectDimSize` failed.
/opt/conda/conda-bld/pytorch_1607370172916/work/aten/src/ATen/native/cuda/Indexing.cu:658: indexSelectLargeIndex: block: [65,0,0], thread: [26,0,0] Assertion `srcIndex < srcSelectDimSize` failed.
/opt/conda/conda-bld/pytorch_1607370172916/work/aten/src/ATen/native/cuda/Indexing.cu:658: indexSelectLargeIndex: block: [65,0,0], thread: [27,0,0] Assertion `srcIndex < srcSelectDimSize` failed.
/opt/conda/conda-bld/pytorch_1607370172916/work/aten/src/ATen/native/cuda/Indexing.cu:658: indexSelectLargeIndex: block: [65,0,0], thread: [28,0,0] Assertion `srcIndex < srcSelectDimSize` failed.
/opt/conda/conda-bld/pytorch_1607370172916/work/aten/src/ATen/native/cuda/Indexing.cu:658: indexSelectLargeIndex: block: [65,0,0], thread: [29,0,0] Assertion `srcIndex < srcSelectDimSize` failed.
/opt/conda/conda-bld/pytorch_1607370172916/work/aten/src/ATen/native/cuda/Indexing.cu:658: indexSelectLargeIndex: block: [65,0,0], thread: [30,0,0] Assertion `srcIndex < srcSelectDimSize` failed.
/opt/conda/conda-bld/pytorch_1607370172916/work/aten/src/ATen/native/cuda/Indexing.cu:658: indexSelectLargeIndex: block: [65,0,0], thread: [31,0,0] Assertion `srcIndex < srcSelectDimSize` failed.
  0%|          | 0/1347 [00:01<?, ?it/s]
Traceback (most recent call last):
  File "multivers/predict.py", line 107, in <module>
    main()
  File "multivers/predict.py", line 99, in main
    predictions = get_predictions(args)
  File "multivers/predict.py", line 57, in get_predictions
    preds_batch = model.predict(batch, args.force_rationale)
  File "/projects/arsr9646/is/multivers/projects/arsr9646/is/envmultivers/lib/python3.8/site-packages/pytorch_lightning/core/decorators.py", line 62, in auto_transfer_args
    return fn(self, *args, **kwargs)
  File "/projects/arsr9646/is/multivers/multivers/model.py", line 350, in predict
    output = self(batch["tokenized"], batch["abstract_sent_idx"])
  File "/projects/arsr9646/is/multivers/projects/arsr9646/is/envmultivers/lib/python3.8/site-packages/torch/nn/modules/module.py", line 727, in _call_impl
    result = self.forward(*input, **kwargs)
  File "/projects/arsr9646/is/multivers/multivers/model.py", line 189, in forward
    encoded = self.encoder(**tokenized)
  File "/projects/arsr9646/is/multivers/projects/arsr9646/is/envmultivers/lib/python3.8/site-packages/torch/nn/modules/module.py", line 727, in _call_impl
    result = self.forward(*input, **kwargs)
  File "/projects/arsr9646/is/multivers/projects/arsr9646/is/envmultivers/lib/python3.8/site-packages/transformers/models/longformer/modeling_longformer.py", line 1616, in forward
    encoder_outputs = self.encoder(
  File "/projects/arsr9646/is/multivers/projects/arsr9646/is/envmultivers/lib/python3.8/site-packages/torch/nn/modules/module.py", line 727, in _call_impl
    result = self.forward(*input, **kwargs)
  File "/projects/arsr9646/is/multivers/projects/arsr9646/is/envmultivers/lib/python3.8/site-packages/transformers/models/longformer/modeling_longformer.py", line 1218, in forward
    is_global_attn = is_index_global_attn.flatten().any().item()
RuntimeError: CUDA error: device-side assert triggered
